#
# There is insufficient memory for the Java Runtime Environment to continue.
# Native memory allocation (malloc) failed to allocate 395152 bytes for Chunk::new
# Possible reasons:
#   The system is out of physical RAM or swap space
#   In 32 bit mode, the process size limit was hit
# Possible solutions:
#   Reduce memory load on the system
#   Increase physical memory or swap space
#   Check if swap backing store is full
#   Use 64 bit Java on a 64 bit OS
#   Decrease Java heap size (-Xmx/-Xms)
#   Decrease number of Java threads
#   Decrease Java thread stack sizes (-Xss)
#   Set larger code cache with -XX:ReservedCodeCacheSize=
# This output file may be truncated or incomplete.
#
#  Out of Memory Error (allocation.cpp:390), pid=1068, tid=0x00000000000019a0
#
# JRE version: Java(TM) SE Runtime Environment (8.0_131-b11) (build 1.8.0_131-b11)
# Java VM: Java HotSpot(TM) 64-Bit Server VM (25.131-b11 mixed mode windows-amd64 compressed oops)
# Failed to write core dump. Minidumps are not enabled by default on client versions of Windows
#

---------------  T H R E A D  ---------------

Current thread (0x0000000018919800):  JavaThread "C2 CompilerThread1" daemon [_thread_in_native, id=6560, stack(0x00000000192a0000,0x00000000193a0000)]

Stack: [0x00000000192a0000,0x00000000193a0000]
[error occurred during error reporting (printing stack bounds), id 0xc0000005]

Native frames: (J=compiled Java code, j=interpreted, Vv=VM code, C=native code)


Current CompileTask:
C2:   9915 4584       4       org.apache.catalina.startup.ContextConfig::populateJavaClassCache (79 bytes)


---------------  P R O C E S S  ---------------

Java Threads: ( => current thread )
  0x000000001a52a800 JavaThread "localhost-startStop-1" daemon [_thread_in_Java, id=11896, stack(0x000000001dbf0000,0x000000001dcf0000)]
  0x000000001f786800 JavaThread "Tomcat-startStop-1" daemon [_thread_blocked, id=12020, stack(0x000000001c920000,0x000000001ca20000)]
  0x00000000189b6800 JavaThread "Service Thread" daemon [_thread_blocked, id=7304, stack(0x00000000194a0000,0x00000000195a0000)]
  0x000000001891f000 JavaThread "C1 CompilerThread2" daemon [_thread_blocked, id=8440, stack(0x00000000193a0000,0x00000000194a0000)]
=>0x0000000018919800 JavaThread "C2 CompilerThread1" daemon [_thread_in_native, id=6560, stack(0x00000000192a0000,0x00000000193a0000)]
  0x0000000018918800 JavaThread "C2 CompilerThread0" daemon [_thread_in_native, id=11924, stack(0x00000000191a0000,0x00000000192a0000)]
  0x00000000188be000 JavaThread "JDWP Command Reader" daemon [_thread_in_native, id=9596, stack(0x00000000190a0000,0x00000000191a0000)]
  0x00000000188bb000 JavaThread "JDWP Event Helper Thread" daemon [_thread_blocked, id=4100, stack(0x0000000018fa0000,0x00000000190a0000)]
  0x000000001759e800 JavaThread "JDWP Transport Listener: dt_socket" daemon [_thread_blocked, id=4224, stack(0x0000000018ea0000,0x0000000018fa0000)]
  0x0000000017594800 JavaThread "Attach Listener" daemon [_thread_blocked, id=8992, stack(0x0000000018da0000,0x0000000018ea0000)]
  0x0000000017550800 JavaThread "Signal Dispatcher" daemon [_thread_blocked, id=6136, stack(0x0000000018ca0000,0x0000000018da0000)]
  0x0000000017530000 JavaThread "Finalizer" daemon [_thread_blocked, id=7840, stack(0x00000000187a0000,0x00000000188a0000)]
  0x00000000029f3000 JavaThread "Reference Handler" daemon [_thread_blocked, id=2300, stack(0x00000000186a0000,0x00000000187a0000)]
  0x00000000009be800 JavaThread "main" [_thread_blocked, id=11208, stack(0x00000000026d0000,0x00000000027d0000)]

Other Threads:
  0x0000000017507000 VMThread [stack: 0x00000000185a0000,0x00000000186a0000] [id=4672]
  0x00000000189ec000 WatcherThread [stack: 0x00000000195a0000,0x00000000196a0000] [id=7464]

VM state:not at safepoint (normal execution)

VM Mutex/Monitor currently owned by a thread: None

Heap:
 PSYoungGen      total 71680K, used 69165K [0x00000000d5e00000, 0x00000000da900000, 0x0000000100000000)
  eden space 66560K, 96% used [0x00000000d5e00000,0x00000000d9c8dc10,0x00000000d9f00000)
  from space 5120K, 99% used [0x00000000d9f00000,0x00000000da3fd970,0x00000000da400000)
  to   space 5120K, 0% used [0x00000000da400000,0x00000000da400000,0x00000000da900000)
 ParOldGen       total 71680K, used 50630K [0x0000000081a00000, 0x0000000086000000, 0x00000000d5e00000)
  object space 71680K, 70% used [0x0000000081a00000,0x0000000084b71a58,0x0000000086000000)
 Metaspace       used 29392K, capacity 29862K, committed 30080K, reserved 1075200K
  class space    used 3460K, capacity 3646K, committed 3712K, reserved 1048576K

Card table byte_map: [0x0000000011dc0000,0x00000000121c0000] byte_map_base: 0x00000000119b3000

Marking Bits: (ParMarkBitMap*) 0x000000005eabc720
 Begin Bits: [0x0000000012870000, 0x0000000014808000)
 End Bits:   [0x0000000014808000, 0x00000000167a0000)

Polling page: 0x00000000009c0000

CodeCache: size=245760Kb used=15404Kb max_used=15525Kb free=230355Kb
 bounds [0x0000000002a00000, 0x0000000003950000, 0x0000000011a00000]
 total_blobs=4503 nmethods=4086 adapters=337
 compilation: enabled

Compilation events (10 events):
Event: 9.821 Thread 0x0000000018918800 nmethod 4580 0x00000000038f5410 code [0x00000000038f5560, 0x00000000038f5918]
Event: 9.821 Thread 0x0000000018918800 4581       4       java.util.jar.JarFile$JarEntryIterator::nextElement (5 bytes)
Event: 9.828 Thread 0x0000000018919800 nmethod 4577 0x00000000034d72d0 code [0x00000000034d74a0, 0x00000000034d83b0]
Event: 9.828 Thread 0x0000000018919800 4582       4       org.apache.tomcat.util.bcel.classfile.ClassParser::<init> (90 bytes)
Event: 9.829 Thread 0x0000000018918800 nmethod 4581 0x00000000034bd850 code [0x00000000034bd9e0, 0x00000000034be2a8]
Event: 9.829 Thread 0x0000000018918800 4583   !   4       org.apache.tomcat.util.bcel.classfile.ClassParser::parse (294 bytes)
Event: 9.838 Thread 0x0000000018919800 nmethod 4582 0x0000000002b58a90 code [0x0000000002b58c20, 0x0000000002b59388]
Event: 9.838 Thread 0x0000000018919800 4584       4       org.apache.catalina.startup.ContextConfig::populateJavaClassCache (79 bytes)
Event: 9.857 Thread 0x000000001891f000 4589   !   3       org.apache.catalina.startup.ContextConfig::populateJavaClassCache (159 bytes)
Event: 9.859 Thread 0x000000001891f000 nmethod 4589 0x0000000002b90750 code [0x0000000002b90a80, 0x0000000002b92398]

GC Heap History (10 events):
Event: 5.098 GC heap before
{Heap before GC invocations=6 (full 1):
 PSYoungGen      total 71680K, used 5088K [0x00000000d5e00000, 0x00000000da900000, 0x0000000100000000)
  eden space 66560K, 0% used [0x00000000d5e00000,0x00000000d5e00000,0x00000000d9f00000)
  from space 5120K, 99% used [0x00000000d9f00000,0x00000000da3f8020,0x00000000da400000)
  to   space 5120K, 0% used [0x00000000da400000,0x00000000da400000,0x00000000da900000)
 ParOldGen       total 87552K, used 11665K [0x0000000081a00000, 0x0000000086f80000, 0x00000000d5e00000)
  object space 87552K, 13% used [0x0000000081a00000,0x0000000082564550,0x0000000086f80000)
 Metaspace       used 20687K, capacity 21102K, committed 21296K, reserved 1069056K
  class space    used 2500K, capacity 2645K, committed 2688K, reserved 1048576K
Event: 5.228 GC heap after
Heap after GC invocations=6 (full 1):
 PSYoungGen      total 71680K, used 0K [0x00000000d5e00000, 0x00000000da900000, 0x0000000100000000)
  eden space 66560K, 0% used [0x00000000d5e00000,0x00000000d5e00000,0x00000000d9f00000)
  from space 5120K, 0% used [0x00000000d9f00000,0x00000000d9f00000,0x00000000da400000)
  to   space 5120K, 0% used [0x00000000da400000,0x00000000da400000,0x00000000da900000)
 ParOldGen       total 71680K, used 11906K [0x0000000081a00000, 0x0000000086000000, 0x00000000d5e00000)
  object space 71680K, 16% used [0x0000000081a00000,0x00000000825a0a90,0x0000000086000000)
 Metaspace       used 20687K, capacity 21102K, committed 21296K, reserved 1069056K
  class space    used 2500K, capacity 2645K, committed 2688K, reserved 1048576K
}
Event: 7.619 GC heap before
{Heap before GC invocations=7 (full 1):
 PSYoungGen      total 71680K, used 66560K [0x00000000d5e00000, 0x00000000da900000, 0x0000000100000000)
  eden space 66560K, 100% used [0x00000000d5e00000,0x00000000d9f00000,0x00000000d9f00000)
  from space 5120K, 0% used [0x00000000d9f00000,0x00000000d9f00000,0x00000000da400000)
  to   space 5120K, 0% used [0x00000000da400000,0x00000000da400000,0x00000000da900000)
 ParOldGen       total 71680K, used 11906K [0x0000000081a00000, 0x0000000086000000, 0x00000000d5e00000)
  object space 71680K, 16% used [0x0000000081a00000,0x00000000825a0a90,0x0000000086000000)
 Metaspace       used 24395K, capacity 24926K, committed 25216K, reserved 1071104K
  class space    used 2921K, capacity 3111K, committed 3200K, reserved 1048576K
Event: 7.647 GC heap after
Heap after GC invocations=7 (full 1):
 PSYoungGen      total 71680K, used 5100K [0x00000000d5e00000, 0x00000000da900000, 0x0000000100000000)
  eden space 66560K, 0% used [0x00000000d5e00000,0x00000000d5e00000,0x00000000d9f00000)
  from space 5120K, 99% used [0x00000000da400000,0x00000000da8fb1a8,0x00000000da900000)
  to   space 5120K, 0% used [0x00000000d9f00000,0x00000000d9f00000,0x00000000da400000)
 ParOldGen       total 71680K, used 18907K [0x0000000081a00000, 0x0000000086000000, 0x00000000d5e00000)
  object space 71680K, 26% used [0x0000000081a00000,0x0000000082c76fd0,0x0000000086000000)
 Metaspace       used 24395K, capacity 24926K, committed 25216K, reserved 1071104K
  class space    used 2921K, capacity 3111K, committed 3200K, reserved 1048576K
}
Event: 8.973 GC heap before
{Heap before GC invocations=8 (full 1):
 PSYoungGen      total 71680K, used 71660K [0x00000000d5e00000, 0x00000000da900000, 0x0000000100000000)
  eden space 66560K, 100% used [0x00000000d5e00000,0x00000000d9f00000,0x00000000d9f00000)
  from space 5120K, 99% used [0x00000000da400000,0x00000000da8fb1a8,0x00000000da900000)
  to   space 5120K, 0% used [0x00000000d9f00000,0x00000000d9f00000,0x00000000da400000)
 ParOldGen       total 71680K, used 18907K [0x0000000081a00000, 0x0000000086000000, 0x00000000d5e00000)
  object space 71680K, 26% used [0x0000000081a00000,0x0000000082c76fd0,0x0000000086000000)
 Metaspace       used 29352K, capacity 29794K, committed 30080K, reserved 1075200K
  class space    used 3459K, capacity 3646K, committed 3712K, reserved 1048576K
Event: 8.995 GC heap after
Heap after GC invocations=8 (full 1):
 PSYoungGen      total 71680K, used 5100K [0x00000000d5e00000, 0x00000000da900000, 0x0000000100000000)
  eden space 66560K, 0% used [0x00000000d5e00000,0x00000000d5e00000,0x00000000d9f00000)
  from space 5120K, 99% used [0x00000000d9f00000,0x00000000da3fb1b8,0x00000000da400000)
  to   space 5120K, 0% used [0x00000000da400000,0x00000000da400000,0x00000000da900000)
 ParOldGen       total 71680K, used 30039K [0x0000000081a00000, 0x0000000086000000, 0x00000000d5e00000)
  object space 71680K, 41% used [0x0000000081a00000,0x0000000083755dd8,0x0000000086000000)
 Metaspace       used 29352K, capacity 29794K, committed 30080K, reserved 1075200K
  class space    used 3459K, capacity 3646K, committed 3712K, reserved 1048576K
}
Event: 9.325 GC heap before
{Heap before GC invocations=9 (full 1):
 PSYoungGen      total 71680K, used 71660K [0x00000000d5e00000, 0x00000000da900000, 0x0000000100000000)
  eden space 66560K, 100% used [0x00000000d5e00000,0x00000000d9f00000,0x00000000d9f00000)
  from space 5120K, 99% used [0x00000000d9f00000,0x00000000da3fb1b8,0x00000000da400000)
  to   space 5120K, 0% used [0x00000000da400000,0x00000000da400000,0x00000000da900000)
 ParOldGen       total 71680K, used 30039K [0x0000000081a00000, 0x0000000086000000, 0x00000000d5e00000)
  object space 71680K, 41% used [0x0000000081a00000,0x0000000083755dd8,0x0000000086000000)
 Metaspace       used 29384K, capacity 29862K, committed 30080K, reserved 1075200K
  class space    used 3460K, capacity 3646K, committed 3712K, reserved 1048576K
Event: 9.348 GC heap after
Heap after GC invocations=9 (full 1):
 PSYoungGen      total 71680K, used 5090K [0x00000000d5e00000, 0x00000000da900000, 0x0000000100000000)
  eden space 66560K, 0% used [0x00000000d5e00000,0x00000000d5e00000,0x00000000d9f00000)
  from space 5120K, 99% used [0x00000000da400000,0x00000000da8f8b68,0x00000000da900000)
  to   space 5120K, 0% used [0x00000000d9f00000,0x00000000d9f00000,0x00000000da400000)
 ParOldGen       total 71680K, used 40497K [0x0000000081a00000, 0x0000000086000000, 0x00000000d5e00000)
  object space 71680K, 56% used [0x0000000081a00000,0x000000008418c478,0x0000000086000000)
 Metaspace       used 29384K, capacity 29862K, committed 30080K, reserved 1075200K
  class space    used 3460K, capacity 3646K, committed 3712K, reserved 1048576K
}
Event: 9.663 GC heap before
{Heap before GC invocations=10 (full 1):
 PSYoungGen      total 71680K, used 71650K [0x00000000d5e00000, 0x00000000da900000, 0x0000000100000000)
  eden space 66560K, 100% used [0x00000000d5e00000,0x00000000d9f00000,0x00000000d9f00000)
  from space 5120K, 99% used [0x00000000da400000,0x00000000da8f8b68,0x00000000da900000)
  to   space 5120K, 0% used [0x00000000d9f00000,0x00000000d9f00000,0x00000000da400000)
 ParOldGen       total 71680K, used 40497K [0x0000000081a00000, 0x0000000086000000, 0x00000000d5e00000)
  object space 71680K, 56% used [0x0000000081a00000,0x000000008418c478,0x0000000086000000)
 Metaspace       used 29390K, capacity 29862K, committed 30080K, reserved 1075200K
  class space    used 3460K, capacity 3646K, committed 3712K, reserved 1048576K
Event: 9.685 GC heap after
Heap after GC invocations=10 (full 1):
 PSYoungGen      total 71680K, used 5110K [0x00000000d5e00000, 0x00000000da900000, 0x0000000100000000)
  eden space 66560K, 0% used [0x00000000d5e00000,0x00000000d5e00000,0x00000000d9f00000)
  from space 5120K, 99% used [0x00000000d9f00000,0x00000000da3fd970,0x00000000da400000)
  to   space 5120K, 0% used [0x00000000da400000,0x00000000da400000,0x00000000da900000)
 ParOldGen       total 71680K, used 50630K [0x0000000081a00000, 0x0000000086000000, 0x00000000d5e00000)
  object space 71680K, 70% used [0x0000000081a00000,0x0000000084b71a58,0x0000000086000000)
 Metaspace       used 29390K, capacity 29862K, committed 30080K, reserved 1075200K
  class space    used 3460K, capacity 3646K, committed 3712K, reserved 1048576K
}

Deoptimization events (10 events):
Event: 8.472 Thread 0x000000001a52a800 Uncommon trap: reason=unstable_if action=reinterpret pc=0x0000000002d15874 method=java.lang.AbstractStringBuilder.append(Ljava/lang/String;)Ljava/lang/AbstractStringBuilder; @ 1
Event: 8.473 Thread 0x000000001a52a800 Uncommon trap: reason=unstable_if action=reinterpret pc=0x0000000002c2ca78 method=java.lang.AbstractStringBuilder.append(Ljava/lang/String;)Ljava/lang/AbstractStringBuilder; @ 1
Event: 8.536 Thread 0x000000001a52a800 Uncommon trap: reason=class_check action=maybe_recompile pc=0x0000000003144984 method=java.util.Hashtable.addEntry(ILjava/lang/Object;Ljava/lang/Object;I)V @ 38
Event: 9.034 Thread 0x000000001a52a800 Uncommon trap: reason=unstable_if action=reinterpret pc=0x00000000030465b8 method=org.codehaus.plexus.classworlds.realm.Entry.matches(Ljava/lang/String;)Z @ 209
Event: 9.141 Thread 0x000000001a52a800 Uncommon trap: reason=unstable_if action=reinterpret pc=0x0000000003838ee8 method=java.io.DataInputStream.readUTF(Ljava/io/DataInput;)Ljava/lang/String; @ 112
Event: 9.190 Thread 0x000000001a52a800 Uncommon trap: reason=unstable_if action=reinterpret pc=0x00000000032fd2c8 method=java.util.HashMap.removeNode(ILjava/lang/Object;Ljava/lang/Object;ZZ)Ljava/util/HashMap$Node; @ 71
Event: 9.576 Thread 0x000000001a52a800 Uncommon trap: reason=unstable_if action=reinterpret pc=0x000000000382f3d0 method=java.util.LinkedHashMap.afterNodeAccess(Ljava/util/HashMap$Node;)V @ 41
Event: 9.594 Thread 0x000000001a52a800 Uncommon trap: reason=unloaded action=reinterpret pc=0x0000000003900338 method=org.apache.tomcat.util.bcel.classfile.Attribute.readAttribute(Ljava/io/DataInputStream;Lorg/apache/tomcat/util/bcel/classfile/ConstantPool;)Lorg/apache/tomcat/util/bcel/classfi
Event: 9.685 Thread 0x0000000017530000 Uncommon trap: reason=unstable_if action=reinterpret pc=0x000000000392a574 method=java.util.WeakHashMap.eq(Ljava/lang/Object;Ljava/lang/Object;)Z @ 10
Event: 9.686 Thread 0x0000000017530000 Uncommon trap: reason=unstable_if action=reinterpret pc=0x00000000038e63f8 method=java.util.WeakHashMap.eq(Ljava/lang/Object;Ljava/lang/Object;)Z @ 10

Internal exceptions (10 events):
Event: 2.154 Thread 0x00000000009be800 Implicit null exception at 0x0000000002e677fe to 0x0000000002e67fe1
Event: 2.263 Thread 0x00000000009be800 Implicit null exception at 0x000000000304dcab to 0x000000000304e471
Event: 4.202 Thread 0x00000000009be800 Exception <a 'java/lang/ClassNotFoundException': com/sun/tools/javac/api/JavacTool> (0x00000000d883d6c0) thrown at [C:\re\workspace\8-2-build-windows-amd64-cygwin\jdk8u131\8869\hotspot\src\share\vm\classfile\systemDictionary.cpp, line 210]
Event: 5.420 Thread 0x00000000009be800 Exception <a 'java/io/FileNotFoundException'> (0x00000000d64175d8) thrown at [C:\re\workspace\8-2-build-windows-amd64-cygwin\jdk8u131\8869\hotspot\src\share\vm\prims\jni.cpp, line 709]
Event: 5.433 Thread 0x00000000009be800 Exception <a 'java/io/FileNotFoundException'> (0x00000000d644c8a8) thrown at [C:\re\workspace\8-2-build-windows-amd64-cygwin\jdk8u131\8869\hotspot\src\share\vm\prims\jni.cpp, line 709]
Event: 7.121 Thread 0x00000000009be800 Exception <a 'java/io/FileNotFoundException'> (0x00000000d9ac4318) thrown at [C:\re\workspace\8-2-build-windows-amd64-cygwin\jdk8u131\8869\hotspot\src\share\vm\prims\jni.cpp, line 709]
Event: 8.419 Thread 0x000000001a52a800 Implicit null exception at 0x00000000034f5869 to 0x00000000034f66dd
Event: 8.472 Thread 0x000000001a52a800 Implicit null exception at 0x0000000002d15319 to 0x0000000002d15859
Event: 8.473 Thread 0x000000001a52a800 Implicit null exception at 0x0000000002c2c517 to 0x0000000002c2ca61
Event: 9.576 Thread 0x000000001a52a800 Implicit null exception at 0x000000000382f0ce to 0x000000000382f39d

Events (10 events):
Event: 9.761 Thread 0x0000000018919800 flushing nmethod 0x00000000034e1450
Event: 9.761 Thread 0x0000000018919800 flushing nmethod 0x00000000034e5c50
Event: 9.761 Thread 0x0000000018919800 flushing nmethod 0x00000000034e6ad0
Event: 9.763 Thread 0x0000000018919800 flushing nmethod 0x00000000034f40d0
Event: 9.763 Thread 0x0000000018919800 flushing nmethod 0x0000000003550850
Event: 9.763 Thread 0x0000000018919800 flushing nmethod 0x0000000003551490
Event: 9.763 Thread 0x0000000018919800 flushing nmethod 0x0000000003552050
Event: 9.763 Thread 0x0000000018919800 flushing nmethod 0x0000000003552610
Event: 9.763 Thread 0x0000000018919800 flushing nmethod 0x0000000003553850
Event: 9.763 Thread 0x0000000018919800 flushing nmethod 0x0000000003556a90


Dynamic libraries:
0x00007ff629090000 - 0x00007ff6290c7000 	C:\Program Files\Java\jdk1.8.0_131\bin\java.exe
0x00007ffe2f6c0000 - 0x00007ffe2f8a1000 	C:\WINDOWS\SYSTEM32\ntdll.dll
0x00007ffe2e9f0000 - 0x00007ffe2eaa2000 	C:\WINDOWS\System32\KERNEL32.DLL
0x00007ffe2c490000 - 0x00007ffe2c703000 	C:\WINDOWS\System32\KERNELBASE.dll
0x00007ffe2e5d0000 - 0x00007ffe2e671000 	C:\WINDOWS\System32\ADVAPI32.dll
0x00007ffe2e860000 - 0x00007ffe2e8fe000 	C:\WINDOWS\System32\msvcrt.dll
0x00007ffe2e990000 - 0x00007ffe2e9eb000 	C:\WINDOWS\System32\sechost.dll
0x00007ffe2e130000 - 0x00007ffe2e254000 	C:\WINDOWS\System32\RPCRT4.dll
0x00007ffe2e440000 - 0x00007ffe2e5d0000 	C:\WINDOWS\System32\USER32.dll
0x00007ffe2c470000 - 0x00007ffe2c490000 	C:\WINDOWS\System32\win32u.dll
0x00007ffe2e960000 - 0x00007ffe2e988000 	C:\WINDOWS\System32\GDI32.dll
0x00007ffe2c900000 - 0x00007ffe2ca92000 	C:\WINDOWS\System32\gdi32full.dll
0x00007ffe2c1a0000 - 0x00007ffe2c23f000 	C:\WINDOWS\System32\msvcp_win.dll
0x00007ffe2c2f0000 - 0x00007ffe2c3e8000 	C:\WINDOWS\System32\ucrtbase.dll
0x00007ffe1e4b0000 - 0x00007ffe1e719000 	C:\WINDOWS\WinSxS\amd64_microsoft.windows.common-controls_6595b64144ccf1df_6.0.17134.648_none_fb45a0e93062a6d2\COMCTL32.dll
0x00007ffe2edf0000 - 0x00007ffe2f112000 	C:\WINDOWS\System32\combase.dll
0x00007ffe2c3f0000 - 0x00007ffe2c46a000 	C:\WINDOWS\System32\bcryptPrimitives.dll
0x00007ffe2f660000 - 0x00007ffe2f68d000 	C:\WINDOWS\System32\IMM32.DLL
0x0000000060200000 - 0x00000000602d2000 	C:\Program Files\Java\jdk1.8.0_131\jre\bin\msvcr100.dll
0x000000005e2a0000 - 0x000000005eb3c000 	C:\Program Files\Java\jdk1.8.0_131\jre\bin\server\jvm.dll
0x00007ffe2e120000 - 0x00007ffe2e128000 	C:\WINDOWS\System32\PSAPI.DLL
0x00007ffe29940000 - 0x00007ffe29963000 	C:\WINDOWS\SYSTEM32\WINMM.dll
0x00007ffe22310000 - 0x00007ffe2231a000 	C:\WINDOWS\SYSTEM32\VERSION.dll
0x00007ffe29900000 - 0x00007ffe2992a000 	C:\WINDOWS\SYSTEM32\WINMMBASE.dll
0x00007ffe2caa0000 - 0x00007ffe2cae9000 	C:\WINDOWS\System32\cfgmgr32.dll
0x00007ffe1bc40000 - 0x00007ffe1bc49000 	C:\WINDOWS\SYSTEM32\WSOCK32.dll
0x00007ffe2cc00000 - 0x00007ffe2cc6c000 	C:\WINDOWS\System32\ws2_32.DLL
0x0000000060d00000 - 0x0000000060d0f000 	C:\Program Files\Java\jdk1.8.0_131\jre\bin\verify.dll
0x00000000601d0000 - 0x00000000601f9000 	C:\Program Files\Java\jdk1.8.0_131\jre\bin\java.dll
0x00000000600f0000 - 0x0000000060125000 	C:\Program Files\Java\jdk1.8.0_131\jre\bin\jdwp.dll
0x00000000600e0000 - 0x00000000600e8000 	C:\Program Files\Java\jdk1.8.0_131\jre\bin\npt.dll
0x00000000600b0000 - 0x00000000600d3000 	C:\Program Files\Java\jdk1.8.0_131\jre\bin\instrument.dll
0x00000000601b0000 - 0x00000000601c6000 	C:\Program Files\Java\jdk1.8.0_131\jre\bin\zip.dll
0x00007ffe2cc80000 - 0x00007ffe2e0c0000 	C:\WINDOWS\System32\SHELL32.dll
0x00007ffe2eab0000 - 0x00007ffe2eb59000 	C:\WINDOWS\System32\shcore.dll
0x00007ffe2ba90000 - 0x00007ffe2c19d000 	C:\WINDOWS\System32\windows.storage.dll
0x00007ffe2e680000 - 0x00007ffe2e6d1000 	C:\WINDOWS\System32\shlwapi.dll
0x00007ffe2b9f0000 - 0x00007ffe2ba01000 	C:\WINDOWS\System32\kernel.appcore.dll
0x00007ffe2b9d0000 - 0x00007ffe2b9ef000 	C:\WINDOWS\System32\profapi.dll
0x00007ffe2ba30000 - 0x00007ffe2ba7c000 	C:\WINDOWS\System32\powrprof.dll
0x00007ffe2ba80000 - 0x00007ffe2ba8a000 	C:\WINDOWS\System32\FLTLIB.DLL
0x00000000600a0000 - 0x00000000600a9000 	C:\Program Files\Java\jdk1.8.0_131\jre\bin\dt_socket.dll
0x00007ffe2ae80000 - 0x00007ffe2aee6000 	C:\WINDOWS\system32\mswsock.dll
0x0000000060190000 - 0x00000000601aa000 	C:\Program Files\Java\jdk1.8.0_131\jre\bin\net.dll
0x0000000060170000 - 0x0000000060181000 	C:\Program Files\Java\jdk1.8.0_131\jre\bin\nio.dll
0x00007ffe2b680000 - 0x00007ffe2b697000 	C:\WINDOWS\SYSTEM32\CRYPTSP.dll
0x00007ffe2aa60000 - 0x00007ffe2aa93000 	C:\WINDOWS\system32\rsaenh.dll
0x00007ffe2b2f0000 - 0x00007ffe2b315000 	C:\WINDOWS\SYSTEM32\bcrypt.dll
0x00007ffe2b890000 - 0x00007ffe2b8b8000 	C:\WINDOWS\SYSTEM32\USERENV.dll
0x00007ffe2b030000 - 0x00007ffe2b03b000 	C:\WINDOWS\SYSTEM32\CRYPTBASE.dll
0x00007ffe2ac00000 - 0x00007ffe2ac38000 	C:\WINDOWS\SYSTEM32\IPHLPAPI.DLL
0x00007ffe2cc70000 - 0x00007ffe2cc78000 	C:\WINDOWS\System32\NSI.dll
0x00007ffe25c60000 - 0x00007ffe25c76000 	C:\WINDOWS\SYSTEM32\dhcpcsvc6.DLL
0x00007ffe25b40000 - 0x00007ffe25b5a000 	C:\WINDOWS\SYSTEM32\dhcpcsvc.DLL
0x0000000060cf0000 - 0x0000000060cfd000 	C:\Program Files\Java\jdk1.8.0_131\jre\bin\management.dll

VM Arguments:
jvm_args: -agentlib:jdwp=transport=dt_socket,address=127.0.0.1:8560,suspend=y,server=n -Dmaven.multiModuleProjectDirectory=D:\IDEAWorkspace\shop\shop-cart-web -Dmaven.home=E:\apache-maven-3.3.9 -Dclassworlds.conf=E:\apache-maven-3.3.9\bin\m2.conf -javaagent:C:\Users\joker\AppData\Local\Temp\capture300jars\debugger-agent.jar=file:/C:/Users/joker/AppData/Local/Temp/capture.props -Dfile.encoding=UTF-8 
java_command: org.codehaus.classworlds.Launcher -Didea.version=2018.1.5 -s E:\apache-maven-3.3.9\conf\settings.xml tomcat7:run -f pom.xml
java_class_path (initial): E:\apache-maven-3.3.9\boot\plexus-classworlds-2.5.2.jar;E:\IntelliJ IDEA 2018.1.5\lib\idea_rt.jar;C:\Users\joker\AppData\Local\Temp\capture300jars\debugger-agent.jar
Launcher Type: SUN_STANDARD

Environment Variables:
JAVA_HOME=C:\Program Files\Java\jdk1.8.0_131
PATH=E:\oraclexe\app\oracle\product\11.2.0\server\bin;C:\ProgramData\Oracle\Java\javapath;C:\WINDOWS\system32;C:\WINDOWS;C:\WINDOWS\System32\Wbem;C:\WINDOWS\System32\WindowsPowerShell\v1.0\;C:\Program Files\Java\jdk1.8.0_131\bin;C:\WINDOWS\System32\OpenSSH\;E:\Git\cmd;E:\Ruby\Ruby23-x64\bin;E:\Bandizip\;C:\Users\joker\AppData\Local\Microsoft\WindowsApps
USERNAME=joker
OS=Windows_NT
PROCESSOR_IDENTIFIER=Intel64 Family 6 Model 60 Stepping 3, GenuineIntel



---------------  S Y S T E M  ---------------

OS: Windows 10.0 , 64 bit Build 17134 (10.0.17134.648)

CPU:total 4 (initial active 4) (2 cores per cpu, 2 threads per core) family 6 model 60 stepping 3, cmov, cx8, fxsr, mmx, sse, sse2, sse3, ssse3, sse4.1, sse4.2, popcnt, avx, avx2, aes, clmul, erms, lzcnt, ht, tsc, tscinvbit, bmi1, bmi2

Memory: 4k page, physical 8274940k(414012k free), swap 15505332k(4112k free)

vm_info: Java HotSpot(TM) 64-Bit Server VM (25.131-b11) for windows-amd64 JRE (1.8.0_131-b11), built on Mar 15 2017 01:23:53 by "java_re" with MS VC++ 10.0 (VS2010)

time: Sun Apr 14 10:31:12 2019
elapsed time: 9 seconds (0d 0h 0m 9s)

